{"/Users/trentonfunt/Documents/rise-eval-2/task-manager/src/components/ConfirmModal.tsx": {"path":"/Users/trentonfunt/Documents/rise-eval-2/task-manager/src/components/ConfirmModal.tsx","statementMap":{"0":{"start":{"line":20,"column":50},"end":{"line":66,"column":null}},"1":{"start":{"line":30,"column":2},"end":{"line":30,"column":null}},"2":{"start":{"line":30,"column":15},"end":{"line":30,"column":null}},"3":{"start":{"line":32,"column":2},"end":{"line":64,"column":null}}},"fnMap":{"0":{"name":"(anonymous_0)","decl":{"start":{"line":20,"column":50},"end":{"line":20,"column":51}},"loc":{"start":{"line":29,"column":6},"end":{"line":66,"column":null}},"line":29}},"branchMap":{"0":{"loc":{"start":{"line":26,"column":2},"end":{"line":26,"column":null}},"type":"default-arg","locations":[{"start":{"line":26,"column":16},"end":{"line":26,"column":null}}],"line":26},"1":{"loc":{"start":{"line":27,"column":2},"end":{"line":27,"column":null}},"type":"default-arg","locations":[{"start":{"line":27,"column":15},"end":{"line":27,"column":null}}],"line":27},"2":{"loc":{"start":{"line":28,"column":2},"end":{"line":28,"column":null}},"type":"default-arg","locations":[{"start":{"line":28,"column":23},"end":{"line":28,"column":null}}],"line":28},"3":{"loc":{"start":{"line":30,"column":2},"end":{"line":30,"column":null}},"type":"if","locations":[{"start":{"line":30,"column":2},"end":{"line":30,"column":null}},{"start":{},"end":{}}],"line":30}},"s":{"0":4,"1":63,"2":57,"3":6},"f":{"0":63},"b":{"0":[63],"1":[63],"2":[63],"3":[57,6]},"meta":{"lastBranch":4,"lastFunction":1,"lastStatement":4,"seen":{"s:20:50:66:Infinity":0,"f:20:50:20:51":0,"b:26:16:26:Infinity":0,"b:27:15:27:Infinity":1,"b:28:23:28:Infinity":2,"b:30:2:30:Infinity:undefined:undefined:undefined:undefined":3,"s:30:2:30:Infinity":1,"s:30:15:30:Infinity":2,"s:32:2:64:Infinity":3}}}
,"/Users/trentonfunt/Documents/rise-eval-2/task-manager/src/components/Login.tsx": {"path":"/Users/trentonfunt/Documents/rise-eval-2/task-manager/src/components/Login.tsx","statementMap":{"0":{"start":{"line":6,"column":24},"end":{"line":112,"column":null}},"1":{"start":{"line":7,"column":24},"end":{"line":7,"column":null}},"2":{"start":{"line":8,"column":30},"end":{"line":8,"column":null}},"3":{"start":{"line":9,"column":24},"end":{"line":9,"column":null}},"4":{"start":{"line":10,"column":28},"end":{"line":10,"column":null}},"5":{"start":{"line":11,"column":8},"end":{"line":11,"column":null}},"6":{"start":{"line":13,"column":23},"end":{"line":36,"column":null}},"7":{"start":{"line":14,"column":4},"end":{"line":14,"column":null}},"8":{"start":{"line":15,"column":4},"end":{"line":15,"column":null}},"9":{"start":{"line":16,"column":4},"end":{"line":16,"column":null}},"10":{"start":{"line":17,"column":4},"end":{"line":35,"column":null}},"11":{"start":{"line":18,"column":6},"end":{"line":18,"column":null}},"12":{"start":{"line":19,"column":6},"end":{"line":19,"column":null}},"13":{"start":{"line":21,"column":6},"end":{"line":32,"column":null}},"14":{"start":{"line":23,"column":27},"end":{"line":23,"column":null}},"15":{"start":{"line":24,"column":8},"end":{"line":28,"column":null}},"16":{"start":{"line":25,"column":10},"end":{"line":25,"column":null}},"17":{"start":{"line":26,"column":8},"end":{"line":28,"column":null}},"18":{"start":{"line":27,"column":10},"end":{"line":27,"column":null}},"19":{"start":{"line":29,"column":8},"end":{"line":29,"column":null}},"20":{"start":{"line":31,"column":8},"end":{"line":31,"column":null}},"21":{"start":{"line":34,"column":6},"end":{"line":34,"column":null}},"22":{"start":{"line":38,"column":2},"end":{"line":110,"column":null}},"23":{"start":{"line":63,"column":29},"end":{"line":63,"column":null}},"24":{"start":{"line":79,"column":29},"end":{"line":79,"column":null}}},"fnMap":{"0":{"name":"(anonymous_0)","decl":{"start":{"line":6,"column":24},"end":{"line":6,"column":30}},"loc":{"start":{"line":6,"column":30},"end":{"line":112,"column":null}},"line":6},"1":{"name":"(anonymous_1)","decl":{"start":{"line":13,"column":23},"end":{"line":13,"column":30}},"loc":{"start":{"line":13,"column":53},"end":{"line":36,"column":null}},"line":13},"2":{"name":"(anonymous_2)","decl":{"start":{"line":63,"column":22},"end":{"line":63,"column":23}},"loc":{"start":{"line":63,"column":29},"end":{"line":63,"column":null}},"line":63},"3":{"name":"(anonymous_3)","decl":{"start":{"line":79,"column":22},"end":{"line":79,"column":23}},"loc":{"start":{"line":79,"column":29},"end":{"line":79,"column":null}},"line":79}},"branchMap":{"0":{"loc":{"start":{"line":21,"column":6},"end":{"line":32,"column":null}},"type":"if","locations":[{"start":{"line":21,"column":6},"end":{"line":32,"column":null}},{"start":{"line":30,"column":13},"end":{"line":32,"column":null}}],"line":21},"1":{"loc":{"start":{"line":24,"column":8},"end":{"line":28,"column":null}},"type":"if","locations":[{"start":{"line":24,"column":8},"end":{"line":28,"column":null}},{"start":{"line":26,"column":8},"end":{"line":28,"column":null}}],"line":24},"2":{"loc":{"start":{"line":24,"column":12},"end":{"line":24,"column":143}},"type":"binary-expr","locations":[{"start":{"line":24,"column":12},"end":{"line":24,"column":59}},{"start":{"line":24,"column":59},"end":{"line":24,"column":102}},{"start":{"line":24,"column":102},"end":{"line":24,"column":143}}],"line":24},"3":{"loc":{"start":{"line":26,"column":8},"end":{"line":28,"column":null}},"type":"if","locations":[{"start":{"line":26,"column":8},"end":{"line":28,"column":null}},{"start":{},"end":{}}],"line":26},"4":{"loc":{"start":{"line":46,"column":9},"end":{"line":53,"column":null}},"type":"binary-expr","locations":[{"start":{"line":46,"column":9},"end":{"line":46,"column":null}},{"start":{"line":47,"column":10},"end":{"line":53,"column":null}}],"line":46},"5":{"loc":{"start":{"line":94,"column":13},"end":{"line":94,"column":null}},"type":"cond-expr","locations":[{"start":{"line":94,"column":23},"end":{"line":94,"column":41}},{"start":{"line":94,"column":41},"end":{"line":94,"column":null}}],"line":94}},"s":{"0":1,"1":24,"2":24,"3":24,"4":24,"5":24,"6":24,"7":4,"8":4,"9":4,"10":4,"11":4,"12":2,"13":2,"14":2,"15":2,"16":1,"17":1,"18":1,"19":2,"20":0,"21":4,"22":24,"23":5,"24":5},"f":{"0":24,"1":4,"2":5,"3":5},"b":{"0":[2,0],"1":[1,1],"2":[2,1,1],"3":[1,0],"4":[24,2],"5":[4,20]},"meta":{"lastBranch":6,"lastFunction":4,"lastStatement":25,"seen":{"s:6:24:112:Infinity":0,"f:6:24:6:30":0,"s:7:24:7:Infinity":1,"s:8:30:8:Infinity":2,"s:9:24:9:Infinity":3,"s:10:28:10:Infinity":4,"s:11:8:11:Infinity":5,"s:13:23:36:Infinity":6,"f:13:23:13:30":1,"s:14:4:14:Infinity":7,"s:15:4:15:Infinity":8,"s:16:4:16:Infinity":9,"s:17:4:35:Infinity":10,"s:18:6:18:Infinity":11,"s:19:6:19:Infinity":12,"b:21:6:32:Infinity:30:13:32:Infinity":0,"s:21:6:32:Infinity":13,"s:23:27:23:Infinity":14,"b:24:8:28:Infinity:26:8:28:Infinity":1,"s:24:8:28:Infinity":15,"b:24:12:24:59:24:59:24:102:24:102:24:143":2,"s:25:10:25:Infinity":16,"b:26:8:28:Infinity:undefined:undefined:undefined:undefined":3,"s:26:8:28:Infinity":17,"s:27:10:27:Infinity":18,"s:29:8:29:Infinity":19,"s:31:8:31:Infinity":20,"s:34:6:34:Infinity":21,"s:38:2:110:Infinity":22,"b:46:9:46:Infinity:47:10:53:Infinity":4,"f:63:22:63:23":2,"s:63:29:63:Infinity":23,"f:79:22:79:23":3,"s:79:29:79:Infinity":24,"b:94:23:94:41:94:41:94:Infinity":5}}}
,"/Users/trentonfunt/Documents/rise-eval-2/task-manager/src/components/Register.tsx": {"path":"/Users/trentonfunt/Documents/rise-eval-2/task-manager/src/components/Register.tsx","statementMap":{"0":{"start":{"line":6,"column":27},"end":{"line":151,"column":null}},"1":{"start":{"line":7,"column":24},"end":{"line":7,"column":null}},"2":{"start":{"line":8,"column":30},"end":{"line":8,"column":null}},"3":{"start":{"line":9,"column":44},"end":{"line":9,"column":null}},"4":{"start":{"line":10,"column":24},"end":{"line":10,"column":null}},"5":{"start":{"line":11,"column":28},"end":{"line":11,"column":null}},"6":{"start":{"line":12,"column":28},"end":{"line":12,"column":null}},"7":{"start":{"line":13,"column":8},"end":{"line":13,"column":null}},"8":{"start":{"line":15,"column":23},"end":{"line":46,"column":null}},"9":{"start":{"line":16,"column":4},"end":{"line":16,"column":null}},"10":{"start":{"line":17,"column":4},"end":{"line":17,"column":null}},"11":{"start":{"line":18,"column":4},"end":{"line":18,"column":null}},"12":{"start":{"line":20,"column":4},"end":{"line":23,"column":null}},"13":{"start":{"line":21,"column":6},"end":{"line":21,"column":null}},"14":{"start":{"line":22,"column":6},"end":{"line":22,"column":null}},"15":{"start":{"line":25,"column":4},"end":{"line":28,"column":null}},"16":{"start":{"line":26,"column":6},"end":{"line":26,"column":null}},"17":{"start":{"line":27,"column":6},"end":{"line":27,"column":null}},"18":{"start":{"line":30,"column":4},"end":{"line":30,"column":null}},"19":{"start":{"line":31,"column":4},"end":{"line":45,"column":null}},"20":{"start":{"line":32,"column":6},"end":{"line":32,"column":null}},"21":{"start":{"line":33,"column":6},"end":{"line":33,"column":null}},"22":{"start":{"line":34,"column":6},"end":{"line":36,"column":null}},"23":{"start":{"line":35,"column":8},"end":{"line":35,"column":null}},"24":{"start":{"line":38,"column":6},"end":{"line":42,"column":null}},"25":{"start":{"line":39,"column":8},"end":{"line":39,"column":null}},"26":{"start":{"line":41,"column":8},"end":{"line":41,"column":null}},"27":{"start":{"line":44,"column":6},"end":{"line":44,"column":null}},"28":{"start":{"line":48,"column":2},"end":{"line":149,"column":null}},"29":{"start":{"line":82,"column":29},"end":{"line":82,"column":null}},"30":{"start":{"line":98,"column":29},"end":{"line":98,"column":null}},"31":{"start":{"line":118,"column":29},"end":{"line":118,"column":null}}},"fnMap":{"0":{"name":"(anonymous_0)","decl":{"start":{"line":6,"column":27},"end":{"line":6,"column":33}},"loc":{"start":{"line":6,"column":33},"end":{"line":151,"column":null}},"line":6},"1":{"name":"(anonymous_1)","decl":{"start":{"line":15,"column":23},"end":{"line":15,"column":30}},"loc":{"start":{"line":15,"column":53},"end":{"line":46,"column":null}},"line":15},"2":{"name":"(anonymous_2)","decl":{"start":{"line":34,"column":17},"end":{"line":34,"column":23}},"loc":{"start":{"line":34,"column":23},"end":{"line":36,"column":9}},"line":34},"3":{"name":"(anonymous_3)","decl":{"start":{"line":82,"column":22},"end":{"line":82,"column":23}},"loc":{"start":{"line":82,"column":29},"end":{"line":82,"column":null}},"line":82},"4":{"name":"(anonymous_4)","decl":{"start":{"line":98,"column":22},"end":{"line":98,"column":23}},"loc":{"start":{"line":98,"column":29},"end":{"line":98,"column":null}},"line":98},"5":{"name":"(anonymous_5)","decl":{"start":{"line":118,"column":22},"end":{"line":118,"column":23}},"loc":{"start":{"line":118,"column":29},"end":{"line":118,"column":null}},"line":118}},"branchMap":{"0":{"loc":{"start":{"line":20,"column":4},"end":{"line":23,"column":null}},"type":"if","locations":[{"start":{"line":20,"column":4},"end":{"line":23,"column":null}},{"start":{},"end":{}}],"line":20},"1":{"loc":{"start":{"line":25,"column":4},"end":{"line":28,"column":null}},"type":"if","locations":[{"start":{"line":25,"column":4},"end":{"line":28,"column":null}},{"start":{},"end":{}}],"line":25},"2":{"loc":{"start":{"line":38,"column":6},"end":{"line":42,"column":null}},"type":"if","locations":[{"start":{"line":38,"column":6},"end":{"line":42,"column":null}},{"start":{"line":40,"column":13},"end":{"line":42,"column":null}}],"line":38},"3":{"loc":{"start":{"line":56,"column":9},"end":{"line":63,"column":null}},"type":"binary-expr","locations":[{"start":{"line":56,"column":9},"end":{"line":56,"column":null}},{"start":{"line":57,"column":10},"end":{"line":63,"column":null}}],"line":56},"4":{"loc":{"start":{"line":65,"column":9},"end":{"line":72,"column":null}},"type":"binary-expr","locations":[{"start":{"line":65,"column":9},"end":{"line":65,"column":null}},{"start":{"line":66,"column":10},"end":{"line":72,"column":null}}],"line":65},"5":{"loc":{"start":{"line":133,"column":13},"end":{"line":133,"column":null}},"type":"cond-expr","locations":[{"start":{"line":133,"column":23},"end":{"line":133,"column":47}},{"start":{"line":133,"column":47},"end":{"line":133,"column":null}}],"line":133}},"s":{"0":1,"1":34,"2":34,"3":34,"4":34,"5":34,"6":34,"7":34,"8":34,"9":5,"10":5,"11":5,"12":5,"13":1,"14":1,"15":4,"16":1,"17":1,"18":3,"19":3,"20":3,"21":2,"22":2,"23":0,"24":1,"25":1,"26":0,"27":3,"28":34,"29":6,"30":6,"31":6},"f":{"0":34,"1":5,"2":0,"3":6,"4":6,"5":6},"b":{"0":[1,4],"1":[1,3],"2":[1,0],"3":[34,3],"4":[34,1],"5":[3,31]},"meta":{"lastBranch":6,"lastFunction":6,"lastStatement":32,"seen":{"s:6:27:151:Infinity":0,"f:6:27:6:33":0,"s:7:24:7:Infinity":1,"s:8:30:8:Infinity":2,"s:9:44:9:Infinity":3,"s:10:24:10:Infinity":4,"s:11:28:11:Infinity":5,"s:12:28:12:Infinity":6,"s:13:8:13:Infinity":7,"s:15:23:46:Infinity":8,"f:15:23:15:30":1,"s:16:4:16:Infinity":9,"s:17:4:17:Infinity":10,"s:18:4:18:Infinity":11,"b:20:4:23:Infinity:undefined:undefined:undefined:undefined":0,"s:20:4:23:Infinity":12,"s:21:6:21:Infinity":13,"s:22:6:22:Infinity":14,"b:25:4:28:Infinity:undefined:undefined:undefined:undefined":1,"s:25:4:28:Infinity":15,"s:26:6:26:Infinity":16,"s:27:6:27:Infinity":17,"s:30:4:30:Infinity":18,"s:31:4:45:Infinity":19,"s:32:6:32:Infinity":20,"s:33:6:33:Infinity":21,"s:34:6:36:Infinity":22,"f:34:17:34:23":2,"s:35:8:35:Infinity":23,"b:38:6:42:Infinity:40:13:42:Infinity":2,"s:38:6:42:Infinity":24,"s:39:8:39:Infinity":25,"s:41:8:41:Infinity":26,"s:44:6:44:Infinity":27,"s:48:2:149:Infinity":28,"b:56:9:56:Infinity:57:10:63:Infinity":3,"b:65:9:65:Infinity:66:10:72:Infinity":4,"f:82:22:82:23":3,"s:82:29:82:Infinity":29,"f:98:22:98:23":4,"s:98:29:98:Infinity":30,"f:118:22:118:23":5,"s:118:29:118:Infinity":31,"b:133:23:133:47:133:47:133:Infinity":5}}}
,"/Users/trentonfunt/Documents/rise-eval-2/task-manager/src/components/TaskCard.tsx": {"path":"/Users/trentonfunt/Documents/rise-eval-2/task-manager/src/components/TaskCard.tsx","statementMap":{"0":{"start":{"line":17,"column":42},"end":{"line":268,"column":null}},"1":{"start":{"line":18,"column":32},"end":{"line":18,"column":null}},"2":{"start":{"line":19,"column":34},"end":{"line":19,"column":null}},"3":{"start":{"line":20,"column":26},"end":{"line":20,"column":null}},"4":{"start":{"line":21,"column":30},"end":{"line":21,"column":null}},"5":{"start":{"line":22,"column":34},"end":{"line":22,"column":null}},"6":{"start":{"line":23,"column":44},"end":{"line":23,"column":null}},"7":{"start":{"line":29,"column":23},"end":{"line":46,"column":null}},"8":{"start":{"line":30,"column":49},"end":{"line":30,"column":null}},"9":{"start":{"line":32,"column":4},"end":{"line":36,"column":null}},"10":{"start":{"line":33,"column":6},"end":{"line":33,"column":null}},"11":{"start":{"line":34,"column":4},"end":{"line":36,"column":null}},"12":{"start":{"line":35,"column":6},"end":{"line":35,"column":null}},"13":{"start":{"line":38,"column":4},"end":{"line":42,"column":null}},"14":{"start":{"line":39,"column":6},"end":{"line":39,"column":null}},"15":{"start":{"line":40,"column":4},"end":{"line":42,"column":null}},"16":{"start":{"line":41,"column":6},"end":{"line":41,"column":null}},"17":{"start":{"line":44,"column":4},"end":{"line":44,"column":null}},"18":{"start":{"line":45,"column":4},"end":{"line":45,"column":null}},"19":{"start":{"line":52,"column":21},"end":{"line":67,"column":null}},"20":{"start":{"line":53,"column":4},"end":{"line":55,"column":null}},"21":{"start":{"line":54,"column":6},"end":{"line":54,"column":null}},"22":{"start":{"line":57,"column":4},"end":{"line":57,"column":null}},"23":{"start":{"line":58,"column":4},"end":{"line":66,"column":null}},"24":{"start":{"line":59,"column":6},"end":{"line":59,"column":null}},"25":{"start":{"line":60,"column":6},"end":{"line":60,"column":null}},"26":{"start":{"line":61,"column":6},"end":{"line":61,"column":null}},"27":{"start":{"line":63,"column":6},"end":{"line":63,"column":null}},"28":{"start":{"line":65,"column":6},"end":{"line":65,"column":null}},"29":{"start":{"line":72,"column":23},"end":{"line":76,"column":null}},"30":{"start":{"line":73,"column":4},"end":{"line":73,"column":null}},"31":{"start":{"line":74,"column":4},"end":{"line":74,"column":null}},"32":{"start":{"line":75,"column":4},"end":{"line":75,"column":null}},"33":{"start":{"line":82,"column":23},"end":{"line":92,"column":null}},"34":{"start":{"line":83,"column":4},"end":{"line":83,"column":null}},"35":{"start":{"line":84,"column":4},"end":{"line":84,"column":null}},"36":{"start":{"line":85,"column":4},"end":{"line":91,"column":null}},"37":{"start":{"line":86,"column":6},"end":{"line":86,"column":null}},"38":{"start":{"line":88,"column":6},"end":{"line":88,"column":null}},"39":{"start":{"line":90,"column":6},"end":{"line":90,"column":null}},"40":{"start":{"line":99,"column":27},"end":{"line":110,"column":null}},"41":{"start":{"line":100,"column":4},"end":{"line":109,"column":null}},"42":{"start":{"line":102,"column":8},"end":{"line":102,"column":null}},"43":{"start":{"line":104,"column":8},"end":{"line":104,"column":null}},"44":{"start":{"line":106,"column":8},"end":{"line":106,"column":null}},"45":{"start":{"line":108,"column":8},"end":{"line":108,"column":null}},"46":{"start":{"line":112,"column":2},"end":{"line":198,"column":null}},"47":{"start":{"line":113,"column":4},"end":{"line":196,"column":null}},"48":{"start":{"line":120,"column":14},"end":{"line":120,"column":null}},"49":{"start":{"line":121,"column":14},"end":{"line":121,"column":null}},"50":{"start":{"line":121,"column":32},"end":{"line":121,"column":null}},"51":{"start":{"line":140,"column":14},"end":{"line":140,"column":null}},"52":{"start":{"line":141,"column":14},"end":{"line":141,"column":null}},"53":{"start":{"line":141,"column":38},"end":{"line":141,"column":null}},"54":{"start":{"line":160,"column":29},"end":{"line":160,"column":null}},"55":{"start":{"line":172,"column":29},"end":{"line":172,"column":null}},"56":{"start":{"line":200,"column":2},"end":{"line":266,"column":null}},"57":{"start":{"line":230,"column":25},"end":{"line":230,"column":null}},"58":{"start":{"line":238,"column":25},"end":{"line":238,"column":null}},"59":{"start":{"line":246,"column":25},"end":{"line":246,"column":null}},"60":{"start":{"line":261,"column":24},"end":{"line":261,"column":null}}},"fnMap":{"0":{"name":"(anonymous_0)","decl":{"start":{"line":17,"column":42},"end":{"line":17,"column":43}},"loc":{"start":{"line":17,"column":84},"end":{"line":268,"column":null}},"line":17},"1":{"name":"(anonymous_1)","decl":{"start":{"line":29,"column":23},"end":{"line":29,"column":29}},"loc":{"start":{"line":29,"column":29},"end":{"line":46,"column":null}},"line":29},"2":{"name":"(anonymous_2)","decl":{"start":{"line":52,"column":21},"end":{"line":52,"column":33}},"loc":{"start":{"line":52,"column":33},"end":{"line":67,"column":null}},"line":52},"3":{"name":"(anonymous_3)","decl":{"start":{"line":72,"column":23},"end":{"line":72,"column":29}},"loc":{"start":{"line":72,"column":29},"end":{"line":76,"column":null}},"line":72},"4":{"name":"(anonymous_4)","decl":{"start":{"line":82,"column":23},"end":{"line":82,"column":35}},"loc":{"start":{"line":82,"column":35},"end":{"line":92,"column":null}},"line":82},"5":{"name":"(anonymous_5)","decl":{"start":{"line":99,"column":27},"end":{"line":99,"column":28}},"loc":{"start":{"line":99,"column":49},"end":{"line":110,"column":null}},"line":99},"6":{"name":"(anonymous_6)","decl":{"start":{"line":119,"column":22},"end":{"line":119,"column":23}},"loc":{"start":{"line":119,"column":29},"end":{"line":122,"column":null}},"line":119},"7":{"name":"(anonymous_7)","decl":{"start":{"line":139,"column":22},"end":{"line":139,"column":23}},"loc":{"start":{"line":139,"column":29},"end":{"line":142,"column":null}},"line":139},"8":{"name":"(anonymous_8)","decl":{"start":{"line":160,"column":22},"end":{"line":160,"column":23}},"loc":{"start":{"line":160,"column":29},"end":{"line":160,"column":null}},"line":160},"9":{"name":"(anonymous_9)","decl":{"start":{"line":172,"column":22},"end":{"line":172,"column":23}},"loc":{"start":{"line":172,"column":29},"end":{"line":172,"column":null}},"line":172},"10":{"name":"(anonymous_10)","decl":{"start":{"line":230,"column":19},"end":{"line":230,"column":25}},"loc":{"start":{"line":230,"column":25},"end":{"line":230,"column":null}},"line":230},"11":{"name":"(anonymous_11)","decl":{"start":{"line":238,"column":19},"end":{"line":238,"column":25}},"loc":{"start":{"line":238,"column":25},"end":{"line":238,"column":null}},"line":238},"12":{"name":"(anonymous_12)","decl":{"start":{"line":246,"column":19},"end":{"line":246,"column":25}},"loc":{"start":{"line":246,"column":25},"end":{"line":246,"column":null}},"line":246},"13":{"name":"(anonymous_13)","decl":{"start":{"line":261,"column":18},"end":{"line":261,"column":24}},"loc":{"start":{"line":261,"column":24},"end":{"line":261,"column":null}},"line":261}},"branchMap":{"0":{"loc":{"start":{"line":32,"column":4},"end":{"line":36,"column":null}},"type":"if","locations":[{"start":{"line":32,"column":4},"end":{"line":36,"column":null}},{"start":{"line":34,"column":4},"end":{"line":36,"column":null}}],"line":32},"1":{"loc":{"start":{"line":34,"column":4},"end":{"line":36,"column":null}},"type":"if","locations":[{"start":{"line":34,"column":4},"end":{"line":36,"column":null}},{"start":{},"end":{}}],"line":34},"2":{"loc":{"start":{"line":38,"column":4},"end":{"line":42,"column":null}},"type":"if","locations":[{"start":{"line":38,"column":4},"end":{"line":42,"column":null}},{"start":{"line":40,"column":4},"end":{"line":42,"column":null}}],"line":38},"3":{"loc":{"start":{"line":40,"column":4},"end":{"line":42,"column":null}},"type":"if","locations":[{"start":{"line":40,"column":4},"end":{"line":42,"column":null}},{"start":{},"end":{}}],"line":40},"4":{"loc":{"start":{"line":53,"column":4},"end":{"line":55,"column":null}},"type":"if","locations":[{"start":{"line":53,"column":4},"end":{"line":55,"column":null}},{"start":{},"end":{}}],"line":53},"5":{"loc":{"start":{"line":100,"column":4},"end":{"line":109,"column":null}},"type":"switch","locations":[{"start":{"line":101,"column":6},"end":{"line":102,"column":null}},{"start":{"line":103,"column":6},"end":{"line":104,"column":null}},{"start":{"line":105,"column":6},"end":{"line":106,"column":null}},{"start":{"line":107,"column":6},"end":{"line":108,"column":null}}],"line":100},"6":{"loc":{"start":{"line":112,"column":2},"end":{"line":198,"column":null}},"type":"if","locations":[{"start":{"line":112,"column":2},"end":{"line":198,"column":null}},{"start":{},"end":{}}],"line":112},"7":{"loc":{"start":{"line":121,"column":14},"end":{"line":121,"column":null}},"type":"if","locations":[{"start":{"line":121,"column":14},"end":{"line":121,"column":null}},{"start":{},"end":{}}],"line":121},"8":{"loc":{"start":{"line":123,"column":57},"end":{"line":123,"column":93}},"type":"cond-expr","locations":[{"start":{"line":123,"column":72},"end":{"line":123,"column":91}},{"start":{"line":123,"column":91},"end":{"line":123,"column":93}}],"line":123},"9":{"loc":{"start":{"line":128,"column":30},"end":{"line":128,"column":null}},"type":"cond-expr","locations":[{"start":{"line":128,"column":45},"end":{"line":128,"column":61}},{"start":{"line":128,"column":61},"end":{"line":128,"column":null}}],"line":128},"10":{"loc":{"start":{"line":130,"column":11},"end":{"line":133,"column":null}},"type":"binary-expr","locations":[{"start":{"line":130,"column":11},"end":{"line":130,"column":null}},{"start":{"line":131,"column":12},"end":{"line":133,"column":null}}],"line":130},"11":{"loc":{"start":{"line":141,"column":14},"end":{"line":141,"column":null}},"type":"if","locations":[{"start":{"line":141,"column":14},"end":{"line":141,"column":null}},{"start":{},"end":{}}],"line":141},"12":{"loc":{"start":{"line":143,"column":57},"end":{"line":143,"column":99}},"type":"cond-expr","locations":[{"start":{"line":143,"column":78},"end":{"line":143,"column":97}},{"start":{"line":143,"column":97},"end":{"line":143,"column":99}}],"line":143},"13":{"loc":{"start":{"line":149,"column":30},"end":{"line":149,"column":null}},"type":"cond-expr","locations":[{"start":{"line":149,"column":51},"end":{"line":149,"column":73}},{"start":{"line":149,"column":73},"end":{"line":149,"column":null}}],"line":149},"14":{"loc":{"start":{"line":151,"column":11},"end":{"line":154,"column":null}},"type":"binary-expr","locations":[{"start":{"line":151,"column":11},"end":{"line":151,"column":null}},{"start":{"line":152,"column":12},"end":{"line":154,"column":null}}],"line":151},"15":{"loc":{"start":{"line":183,"column":24},"end":{"line":183,"column":null}},"type":"cond-expr","locations":[{"start":{"line":183,"column":35},"end":{"line":183,"column":59}},{"start":{"line":183,"column":59},"end":{"line":183,"column":null}}],"line":183},"16":{"loc":{"start":{"line":185,"column":13},"end":{"line":185,"column":null}},"type":"cond-expr","locations":[{"start":{"line":185,"column":24},"end":{"line":185,"column":38}},{"start":{"line":185,"column":38},"end":{"line":185,"column":null}}],"line":185},"17":{"loc":{"start":{"line":202,"column":91},"end":{"line":202,"column":125}},"type":"cond-expr","locations":[{"start":{"line":202,"column":108},"end":{"line":202,"column":123}},{"start":{"line":202,"column":123},"end":{"line":202,"column":125}}],"line":202},"18":{"loc":{"start":{"line":207,"column":44},"end":{"line":207,"column":80}},"type":"cond-expr","locations":[{"start":{"line":207,"column":61},"end":{"line":207,"column":78}},{"start":{"line":207,"column":78},"end":{"line":207,"column":80}}],"line":207},"19":{"loc":{"start":{"line":211,"column":64},"end":{"line":211,"column":200}},"type":"cond-expr","locations":[{"start":{"line":211,"column":91},"end":{"line":211,"column":117}},{"start":{"line":211,"column":117},"end":{"line":211,"column":200}}],"line":211},"20":{"loc":{"start":{"line":211,"column":117},"end":{"line":211,"column":200}},"type":"cond-expr","locations":[{"start":{"line":211,"column":146},"end":{"line":211,"column":175}},{"start":{"line":211,"column":175},"end":{"line":211,"column":200}}],"line":211},"21":{"loc":{"start":{"line":217,"column":42},"end":{"line":217,"column":78}},"type":"cond-expr","locations":[{"start":{"line":217,"column":59},"end":{"line":217,"column":76}},{"start":{"line":217,"column":76},"end":{"line":217,"column":78}}],"line":217},"22":{"loc":{"start":{"line":231,"column":31},"end":{"line":231,"column":119}},"type":"cond-expr","locations":[{"start":{"line":231,"column":48},"end":{"line":231,"column":86}},{"start":{"line":231,"column":86},"end":{"line":231,"column":119}}],"line":231},"23":{"loc":{"start":{"line":232,"column":17},"end":{"line":232,"column":null}},"type":"cond-expr","locations":[{"start":{"line":232,"column":34},"end":{"line":232,"column":57}},{"start":{"line":232,"column":57},"end":{"line":232,"column":null}}],"line":232},"24":{"loc":{"start":{"line":233,"column":22},"end":{"line":233,"column":null}},"type":"cond-expr","locations":[{"start":{"line":233,"column":39},"end":{"line":233,"column":67}},{"start":{"line":233,"column":67},"end":{"line":233,"column":null}}],"line":233},"25":{"loc":{"start":{"line":235,"column":11},"end":{"line":235,"column":null}},"type":"cond-expr","locations":[{"start":{"line":235,"column":28},"end":{"line":235,"column":39}},{"start":{"line":235,"column":39},"end":{"line":235,"column":null}}],"line":235},"26":{"loc":{"start":{"line":250,"column":22},"end":{"line":250,"column":null}},"type":"cond-expr","locations":[{"start":{"line":250,"column":35},"end":{"line":250,"column":53}},{"start":{"line":250,"column":53},"end":{"line":250,"column":null}}],"line":250},"27":{"loc":{"start":{"line":252,"column":11},"end":{"line":252,"column":null}},"type":"cond-expr","locations":[{"start":{"line":252,"column":24},"end":{"line":252,"column":40}},{"start":{"line":252,"column":40},"end":{"line":252,"column":null}}],"line":252}},"s":{"0":3,"1":42,"2":42,"3":42,"4":42,"5":42,"6":42,"7":42,"8":2,"9":2,"10":0,"11":2,"12":1,"13":2,"14":0,"15":2,"16":1,"17":2,"18":2,"19":42,"20":2,"21":1,"22":1,"23":1,"24":1,"25":1,"26":1,"27":0,"28":1,"29":42,"30":1,"31":1,"32":1,"33":42,"34":1,"35":1,"36":1,"37":1,"38":0,"39":1,"40":42,"41":30,"42":2,"43":24,"44":4,"45":0,"46":42,"47":12,"48":3,"49":3,"50":0,"51":2,"52":2,"53":0,"54":1,"55":1,"56":30,"57":2,"58":3,"59":2,"60":1},"f":{"0":42,"1":2,"2":2,"3":1,"4":1,"5":30,"6":3,"7":2,"8":1,"9":1,"10":2,"11":3,"12":2,"13":1},"b":{"0":[0,2],"1":[1,1],"2":[0,2],"3":[1,1],"4":[1,1],"5":[2,24,4,0],"6":[12,30],"7":[0,3],"8":[1,11],"9":[1,11],"10":[12,1],"11":[0,2],"12":[1,11],"13":[1,11],"14":[12,1],"15":[1,11],"16":[1,11],"17":[2,28],"18":[2,28],"19":[2,28],"20":[24,4],"21":[2,28],"22":[2,28],"23":[2,28],"24":[2,28],"25":[2,28],"26":[1,29],"27":[1,29]},"meta":{"lastBranch":28,"lastFunction":14,"lastStatement":61,"seen":{"s:17:42:268:Infinity":0,"f:17:42:17:43":0,"s:18:32:18:Infinity":1,"s:19:34:19:Infinity":2,"s:20:26:20:Infinity":3,"s:21:30:21:Infinity":4,"s:22:34:22:Infinity":5,"s:23:44:23:Infinity":6,"s:29:23:46:Infinity":7,"f:29:23:29:29":1,"s:30:49:30:Infinity":8,"b:32:4:36:Infinity:34:4:36:Infinity":0,"s:32:4:36:Infinity":9,"s:33:6:33:Infinity":10,"b:34:4:36:Infinity:undefined:undefined:undefined:undefined":1,"s:34:4:36:Infinity":11,"s:35:6:35:Infinity":12,"b:38:4:42:Infinity:40:4:42:Infinity":2,"s:38:4:42:Infinity":13,"s:39:6:39:Infinity":14,"b:40:4:42:Infinity:undefined:undefined:undefined:undefined":3,"s:40:4:42:Infinity":15,"s:41:6:41:Infinity":16,"s:44:4:44:Infinity":17,"s:45:4:45:Infinity":18,"s:52:21:67:Infinity":19,"f:52:21:52:33":2,"b:53:4:55:Infinity:undefined:undefined:undefined:undefined":4,"s:53:4:55:Infinity":20,"s:54:6:54:Infinity":21,"s:57:4:57:Infinity":22,"s:58:4:66:Infinity":23,"s:59:6:59:Infinity":24,"s:60:6:60:Infinity":25,"s:61:6:61:Infinity":26,"s:63:6:63:Infinity":27,"s:65:6:65:Infinity":28,"s:72:23:76:Infinity":29,"f:72:23:72:29":3,"s:73:4:73:Infinity":30,"s:74:4:74:Infinity":31,"s:75:4:75:Infinity":32,"s:82:23:92:Infinity":33,"f:82:23:82:35":4,"s:83:4:83:Infinity":34,"s:84:4:84:Infinity":35,"s:85:4:91:Infinity":36,"s:86:6:86:Infinity":37,"s:88:6:88:Infinity":38,"s:90:6:90:Infinity":39,"s:99:27:110:Infinity":40,"f:99:27:99:28":5,"b:101:6:102:Infinity:103:6:104:Infinity:105:6:106:Infinity:107:6:108:Infinity":5,"s:100:4:109:Infinity":41,"s:102:8:102:Infinity":42,"s:104:8:104:Infinity":43,"s:106:8:106:Infinity":44,"s:108:8:108:Infinity":45,"b:112:2:198:Infinity:undefined:undefined:undefined:undefined":6,"s:112:2:198:Infinity":46,"s:113:4:196:Infinity":47,"f:119:22:119:23":6,"s:120:14:120:Infinity":48,"b:121:14:121:Infinity:undefined:undefined:undefined:undefined":7,"s:121:14:121:Infinity":49,"s:121:32:121:Infinity":50,"b:123:72:123:91:123:91:123:93":8,"b:128:45:128:61:128:61:128:Infinity":9,"b:130:11:130:Infinity:131:12:133:Infinity":10,"f:139:22:139:23":7,"s:140:14:140:Infinity":51,"b:141:14:141:Infinity:undefined:undefined:undefined:undefined":11,"s:141:14:141:Infinity":52,"s:141:38:141:Infinity":53,"b:143:78:143:97:143:97:143:99":12,"b:149:51:149:73:149:73:149:Infinity":13,"b:151:11:151:Infinity:152:12:154:Infinity":14,"f:160:22:160:23":8,"s:160:29:160:Infinity":54,"f:172:22:172:23":9,"s:172:29:172:Infinity":55,"b:183:35:183:59:183:59:183:Infinity":15,"b:185:24:185:38:185:38:185:Infinity":16,"s:200:2:266:Infinity":56,"b:202:108:202:123:202:123:202:125":17,"b:207:61:207:78:207:78:207:80":18,"b:211:91:211:117:211:117:211:200":19,"b:211:146:211:175:211:175:211:200":20,"b:217:59:217:76:217:76:217:78":21,"f:230:19:230:25":10,"s:230:25:230:Infinity":57,"b:231:48:231:86:231:86:231:119":22,"b:232:34:232:57:232:57:232:Infinity":23,"b:233:39:233:67:233:67:233:Infinity":24,"b:235:28:235:39:235:39:235:Infinity":25,"f:238:19:238:25":11,"s:238:25:238:Infinity":58,"f:246:19:246:25":12,"s:246:25:246:Infinity":59,"b:250:35:250:53:250:53:250:Infinity":26,"b:252:24:252:40:252:40:252:Infinity":27,"f:261:18:261:24":13,"s:261:24:261:Infinity":60}}}
,"/Users/trentonfunt/Documents/rise-eval-2/task-manager/src/components/TaskForm.tsx": {"path":"/Users/trentonfunt/Documents/rise-eval-2/task-manager/src/components/TaskForm.tsx","statementMap":{"0":{"start":{"line":14,"column":42},"end":{"line":221,"column":null}},"1":{"start":{"line":15,"column":24},"end":{"line":15,"column":null}},"2":{"start":{"line":16,"column":36},"end":{"line":16,"column":null}},"3":{"start":{"line":17,"column":30},"end":{"line":17,"column":null}},"4":{"start":{"line":18,"column":30},"end":{"line":18,"column":null}},"5":{"start":{"line":19,"column":28},"end":{"line":19,"column":null}},"6":{"start":{"line":20,"column":26},"end":{"line":20,"column":null}},"7":{"start":{"line":21,"column":38},"end":{"line":21,"column":null}},"8":{"start":{"line":27,"column":23},"end":{"line":48,"column":null}},"9":{"start":{"line":28,"column":49},"end":{"line":28,"column":null}},"10":{"start":{"line":30,"column":4},"end":{"line":34,"column":null}},"11":{"start":{"line":31,"column":6},"end":{"line":31,"column":null}},"12":{"start":{"line":32,"column":4},"end":{"line":34,"column":null}},"13":{"start":{"line":33,"column":6},"end":{"line":33,"column":null}},"14":{"start":{"line":36,"column":4},"end":{"line":40,"column":null}},"15":{"start":{"line":37,"column":6},"end":{"line":37,"column":null}},"16":{"start":{"line":38,"column":4},"end":{"line":40,"column":null}},"17":{"start":{"line":39,"column":6},"end":{"line":39,"column":null}},"18":{"start":{"line":42,"column":4},"end":{"line":44,"column":null}},"19":{"start":{"line":43,"column":6},"end":{"line":43,"column":null}},"20":{"start":{"line":46,"column":4},"end":{"line":46,"column":null}},"21":{"start":{"line":47,"column":4},"end":{"line":47,"column":null}},"22":{"start":{"line":55,"column":23},"end":{"line":83,"column":null}},"23":{"start":{"line":56,"column":4},"end":{"line":56,"column":null}},"24":{"start":{"line":58,"column":4},"end":{"line":60,"column":null}},"25":{"start":{"line":59,"column":6},"end":{"line":59,"column":null}},"26":{"start":{"line":62,"column":4},"end":{"line":62,"column":null}},"27":{"start":{"line":63,"column":4},"end":{"line":82,"column":null}},"28":{"start":{"line":64,"column":6},"end":{"line":70,"column":null}},"29":{"start":{"line":72,"column":6},"end":{"line":72,"column":null}},"30":{"start":{"line":73,"column":6},"end":{"line":73,"column":null}},"31":{"start":{"line":74,"column":6},"end":{"line":74,"column":null}},"32":{"start":{"line":75,"column":6},"end":{"line":75,"column":null}},"33":{"start":{"line":76,"column":6},"end":{"line":76,"column":null}},"34":{"start":{"line":77,"column":6},"end":{"line":77,"column":null}},"35":{"start":{"line":79,"column":6},"end":{"line":79,"column":null}},"36":{"start":{"line":81,"column":6},"end":{"line":81,"column":null}},"37":{"start":{"line":85,"column":2},"end":{"line":219,"column":null}},"38":{"start":{"line":98,"column":14},"end":{"line":98,"column":null}},"39":{"start":{"line":99,"column":14},"end":{"line":99,"column":null}},"40":{"start":{"line":99,"column":32},"end":{"line":99,"column":null}},"41":{"start":{"line":122,"column":14},"end":{"line":122,"column":null}},"42":{"start":{"line":123,"column":14},"end":{"line":123,"column":null}},"43":{"start":{"line":123,"column":38},"end":{"line":123,"column":null}},"44":{"start":{"line":147,"column":31},"end":{"line":147,"column":null}},"45":{"start":{"line":165,"column":31},"end":{"line":165,"column":null}},"46":{"start":{"line":183,"column":16},"end":{"line":183,"column":null}},"47":{"start":{"line":184,"column":16},"end":{"line":184,"column":null}},"48":{"start":{"line":184,"column":36},"end":{"line":184,"column":null}}},"fnMap":{"0":{"name":"(anonymous_0)","decl":{"start":{"line":14,"column":42},"end":{"line":14,"column":43}},"loc":{"start":{"line":14,"column":70},"end":{"line":221,"column":null}},"line":14},"1":{"name":"(anonymous_1)","decl":{"start":{"line":27,"column":23},"end":{"line":27,"column":29}},"loc":{"start":{"line":27,"column":29},"end":{"line":48,"column":null}},"line":27},"2":{"name":"(anonymous_2)","decl":{"start":{"line":55,"column":23},"end":{"line":55,"column":30}},"loc":{"start":{"line":55,"column":53},"end":{"line":83,"column":null}},"line":55},"3":{"name":"(anonymous_3)","decl":{"start":{"line":97,"column":22},"end":{"line":97,"column":23}},"loc":{"start":{"line":97,"column":29},"end":{"line":100,"column":null}},"line":97},"4":{"name":"(anonymous_4)","decl":{"start":{"line":121,"column":22},"end":{"line":121,"column":23}},"loc":{"start":{"line":121,"column":29},"end":{"line":124,"column":null}},"line":121},"5":{"name":"(anonymous_5)","decl":{"start":{"line":147,"column":24},"end":{"line":147,"column":25}},"loc":{"start":{"line":147,"column":31},"end":{"line":147,"column":null}},"line":147},"6":{"name":"(anonymous_6)","decl":{"start":{"line":165,"column":24},"end":{"line":165,"column":25}},"loc":{"start":{"line":165,"column":31},"end":{"line":165,"column":null}},"line":165},"7":{"name":"(anonymous_7)","decl":{"start":{"line":182,"column":24},"end":{"line":182,"column":25}},"loc":{"start":{"line":182,"column":31},"end":{"line":185,"column":null}},"line":182}},"branchMap":{"0":{"loc":{"start":{"line":30,"column":4},"end":{"line":34,"column":null}},"type":"if","locations":[{"start":{"line":30,"column":4},"end":{"line":34,"column":null}},{"start":{"line":32,"column":4},"end":{"line":34,"column":null}}],"line":30},"1":{"loc":{"start":{"line":32,"column":4},"end":{"line":34,"column":null}},"type":"if","locations":[{"start":{"line":32,"column":4},"end":{"line":34,"column":null}},{"start":{},"end":{}}],"line":32},"2":{"loc":{"start":{"line":36,"column":4},"end":{"line":40,"column":null}},"type":"if","locations":[{"start":{"line":36,"column":4},"end":{"line":40,"column":null}},{"start":{"line":38,"column":4},"end":{"line":40,"column":null}}],"line":36},"3":{"loc":{"start":{"line":38,"column":4},"end":{"line":40,"column":null}},"type":"if","locations":[{"start":{"line":38,"column":4},"end":{"line":40,"column":null}},{"start":{},"end":{}}],"line":38},"4":{"loc":{"start":{"line":42,"column":4},"end":{"line":44,"column":null}},"type":"if","locations":[{"start":{"line":42,"column":4},"end":{"line":44,"column":null}},{"start":{},"end":{}}],"line":42},"5":{"loc":{"start":{"line":58,"column":4},"end":{"line":60,"column":null}},"type":"if","locations":[{"start":{"line":58,"column":4},"end":{"line":60,"column":null}},{"start":{},"end":{}}],"line":58},"6":{"loc":{"start":{"line":99,"column":14},"end":{"line":99,"column":null}},"type":"if","locations":[{"start":{"line":99,"column":14},"end":{"line":99,"column":null}},{"start":{},"end":{}}],"line":99},"7":{"loc":{"start":{"line":101,"column":149},"end":{"line":101,"column":185}},"type":"cond-expr","locations":[{"start":{"line":101,"column":164},"end":{"line":101,"column":183}},{"start":{"line":101,"column":183},"end":{"line":101,"column":185}}],"line":101},"8":{"loc":{"start":{"line":106,"column":30},"end":{"line":106,"column":null}},"type":"cond-expr","locations":[{"start":{"line":106,"column":45},"end":{"line":106,"column":61}},{"start":{"line":106,"column":61},"end":{"line":106,"column":null}}],"line":106},"9":{"loc":{"start":{"line":108,"column":11},"end":{"line":111,"column":null}},"type":"binary-expr","locations":[{"start":{"line":108,"column":11},"end":{"line":108,"column":null}},{"start":{"line":109,"column":12},"end":{"line":111,"column":null}}],"line":108},"10":{"loc":{"start":{"line":123,"column":14},"end":{"line":123,"column":null}},"type":"if","locations":[{"start":{"line":123,"column":14},"end":{"line":123,"column":null}},{"start":{},"end":{}}],"line":123},"11":{"loc":{"start":{"line":125,"column":149},"end":{"line":125,"column":191}},"type":"cond-expr","locations":[{"start":{"line":125,"column":170},"end":{"line":125,"column":189}},{"start":{"line":125,"column":189},"end":{"line":125,"column":191}}],"line":125},"12":{"loc":{"start":{"line":131,"column":30},"end":{"line":131,"column":null}},"type":"cond-expr","locations":[{"start":{"line":131,"column":51},"end":{"line":131,"column":73}},{"start":{"line":131,"column":73},"end":{"line":131,"column":null}}],"line":131},"13":{"loc":{"start":{"line":133,"column":11},"end":{"line":136,"column":null}},"type":"binary-expr","locations":[{"start":{"line":133,"column":11},"end":{"line":133,"column":null}},{"start":{"line":134,"column":12},"end":{"line":136,"column":null}}],"line":133},"14":{"loc":{"start":{"line":184,"column":16},"end":{"line":184,"column":null}},"type":"if","locations":[{"start":{"line":184,"column":16},"end":{"line":184,"column":null}},{"start":{},"end":{}}],"line":184},"15":{"loc":{"start":{"line":186,"column":151},"end":{"line":186,"column":189}},"type":"cond-expr","locations":[{"start":{"line":186,"column":168},"end":{"line":186,"column":187}},{"start":{"line":186,"column":187},"end":{"line":186,"column":189}}],"line":186},"16":{"loc":{"start":{"line":190,"column":32},"end":{"line":190,"column":null}},"type":"cond-expr","locations":[{"start":{"line":190,"column":49},"end":{"line":190,"column":67}},{"start":{"line":190,"column":67},"end":{"line":190,"column":null}}],"line":190},"17":{"loc":{"start":{"line":192,"column":13},"end":{"line":195,"column":null}},"type":"binary-expr","locations":[{"start":{"line":192,"column":13},"end":{"line":192,"column":null}},{"start":{"line":193,"column":14},"end":{"line":195,"column":null}}],"line":192},"18":{"loc":{"start":{"line":204,"column":24},"end":{"line":204,"column":null}},"type":"cond-expr","locations":[{"start":{"line":204,"column":39},"end":{"line":204,"column":57}},{"start":{"line":204,"column":57},"end":{"line":204,"column":null}}],"line":204},"19":{"loc":{"start":{"line":206,"column":13},"end":{"line":206,"column":null}},"type":"cond-expr","locations":[{"start":{"line":206,"column":28},"end":{"line":206,"column":49}},{"start":{"line":206,"column":49},"end":{"line":206,"column":null}}],"line":206}},"s":{"0":1,"1":15,"2":15,"3":15,"4":15,"5":15,"6":15,"7":15,"8":15,"9":3,"10":3,"11":1,"12":2,"13":1,"14":3,"15":1,"16":2,"17":1,"18":3,"19":0,"20":3,"21":3,"22":15,"23":3,"24":3,"25":2,"26":1,"27":1,"28":1,"29":1,"30":1,"31":1,"32":1,"33":1,"34":1,"35":0,"36":1,"37":15,"38":2,"39":2,"40":1,"41":2,"42":2,"43":1,"44":1,"45":1,"46":1,"47":1,"48":0},"f":{"0":15,"1":3,"2":3,"3":2,"4":2,"5":1,"6":1,"7":1},"b":{"0":[1,2],"1":[1,1],"2":[1,2],"3":[1,1],"4":[0,3],"5":[2,1],"6":[1,1],"7":[2,13],"8":[2,13],"9":[15,2],"10":[1,1],"11":[3,12],"12":[3,12],"13":[15,3],"14":[0,1],"15":[0,15],"16":[0,15],"17":[15,0],"18":[1,14],"19":[1,14]},"meta":{"lastBranch":20,"lastFunction":8,"lastStatement":49,"seen":{"s:14:42:221:Infinity":0,"f:14:42:14:43":0,"s:15:24:15:Infinity":1,"s:16:36:16:Infinity":2,"s:17:30:17:Infinity":3,"s:18:30:18:Infinity":4,"s:19:28:19:Infinity":5,"s:20:26:20:Infinity":6,"s:21:38:21:Infinity":7,"s:27:23:48:Infinity":8,"f:27:23:27:29":1,"s:28:49:28:Infinity":9,"b:30:4:34:Infinity:32:4:34:Infinity":0,"s:30:4:34:Infinity":10,"s:31:6:31:Infinity":11,"b:32:4:34:Infinity:undefined:undefined:undefined:undefined":1,"s:32:4:34:Infinity":12,"s:33:6:33:Infinity":13,"b:36:4:40:Infinity:38:4:40:Infinity":2,"s:36:4:40:Infinity":14,"s:37:6:37:Infinity":15,"b:38:4:40:Infinity:undefined:undefined:undefined:undefined":3,"s:38:4:40:Infinity":16,"s:39:6:39:Infinity":17,"b:42:4:44:Infinity:undefined:undefined:undefined:undefined":4,"s:42:4:44:Infinity":18,"s:43:6:43:Infinity":19,"s:46:4:46:Infinity":20,"s:47:4:47:Infinity":21,"s:55:23:83:Infinity":22,"f:55:23:55:30":2,"s:56:4:56:Infinity":23,"b:58:4:60:Infinity:undefined:undefined:undefined:undefined":5,"s:58:4:60:Infinity":24,"s:59:6:59:Infinity":25,"s:62:4:62:Infinity":26,"s:63:4:82:Infinity":27,"s:64:6:70:Infinity":28,"s:72:6:72:Infinity":29,"s:73:6:73:Infinity":30,"s:74:6:74:Infinity":31,"s:75:6:75:Infinity":32,"s:76:6:76:Infinity":33,"s:77:6:77:Infinity":34,"s:79:6:79:Infinity":35,"s:81:6:81:Infinity":36,"s:85:2:219:Infinity":37,"f:97:22:97:23":3,"s:98:14:98:Infinity":38,"b:99:14:99:Infinity:undefined:undefined:undefined:undefined":6,"s:99:14:99:Infinity":39,"s:99:32:99:Infinity":40,"b:101:164:101:183:101:183:101:185":7,"b:106:45:106:61:106:61:106:Infinity":8,"b:108:11:108:Infinity:109:12:111:Infinity":9,"f:121:22:121:23":4,"s:122:14:122:Infinity":41,"b:123:14:123:Infinity:undefined:undefined:undefined:undefined":10,"s:123:14:123:Infinity":42,"s:123:38:123:Infinity":43,"b:125:170:125:189:125:189:125:191":11,"b:131:51:131:73:131:73:131:Infinity":12,"b:133:11:133:Infinity:134:12:136:Infinity":13,"f:147:24:147:25":5,"s:147:31:147:Infinity":44,"f:165:24:165:25":6,"s:165:31:165:Infinity":45,"f:182:24:182:25":7,"s:183:16:183:Infinity":46,"b:184:16:184:Infinity:undefined:undefined:undefined:undefined":14,"s:184:16:184:Infinity":47,"s:184:36:184:Infinity":48,"b:186:168:186:187:186:187:186:189":15,"b:190:49:190:67:190:67:190:Infinity":16,"b:192:13:192:Infinity:193:14:195:Infinity":17,"b:204:39:204:57:204:57:204:Infinity":18,"b:206:28:206:49:206:49:206:Infinity":19}}}
,"/Users/trentonfunt/Documents/rise-eval-2/task-manager/src/components/TaskList.tsx": {"path":"/Users/trentonfunt/Documents/rise-eval-2/task-manager/src/components/TaskList.tsx","statementMap":{"0":{"start":{"line":17,"column":42},"end":{"line":44,"column":null}},"1":{"start":{"line":18,"column":2},"end":{"line":25,"column":null}},"2":{"start":{"line":19,"column":4},"end":{"line":23,"column":null}},"3":{"start":{"line":27,"column":2},"end":{"line":42,"column":null}},"4":{"start":{"line":34,"column":8},"end":{"line":40,"column":null}}},"fnMap":{"0":{"name":"(anonymous_0)","decl":{"start":{"line":17,"column":42},"end":{"line":17,"column":43}},"loc":{"start":{"line":17,"column":85},"end":{"line":44,"column":null}},"line":17},"1":{"name":"(anonymous_1)","decl":{"start":{"line":33,"column":17},"end":{"line":33,"column":18}},"loc":{"start":{"line":34,"column":8},"end":{"line":40,"column":null}},"line":34}},"branchMap":{"0":{"loc":{"start":{"line":18,"column":2},"end":{"line":25,"column":null}},"type":"if","locations":[{"start":{"line":18,"column":2},"end":{"line":25,"column":null}},{"start":{},"end":{}}],"line":18}},"s":{"0":2,"1":33,"2":22,"3":11,"4":17},"f":{"0":33,"1":17},"b":{"0":[22,11]},"meta":{"lastBranch":1,"lastFunction":2,"lastStatement":5,"seen":{"s:17:42:44:Infinity":0,"f:17:42:17:43":0,"b:18:2:25:Infinity:undefined:undefined:undefined:undefined":0,"s:18:2:25:Infinity":1,"s:19:4:23:Infinity":2,"s:27:2:42:Infinity":3,"f:33:17:33:18":1,"s:34:8:40:Infinity":4}}}
,"/Users/trentonfunt/Documents/rise-eval-2/task-manager/src/components/TaskManager.tsx": {"path":"/Users/trentonfunt/Documents/rise-eval-2/task-manager/src/components/TaskManager.tsx","statementMap":{"0":{"start":{"line":19,"column":30},"end":{"line":239,"column":null}},"1":{"start":{"line":20,"column":99},"end":{"line":20,"column":null}},"2":{"start":{"line":21,"column":30},"end":{"line":21,"column":null}},"3":{"start":{"line":22,"column":26},"end":{"line":22,"column":null}},"4":{"start":{"line":23,"column":36},"end":{"line":23,"column":null}},"5":{"start":{"line":24,"column":42},"end":{"line":24,"column":null}},"6":{"start":{"line":25,"column":42},"end":{"line":25,"column":null}},"7":{"start":{"line":26,"column":38},"end":{"line":26,"column":null}},"8":{"start":{"line":27,"column":44},"end":{"line":27,"column":null}},"9":{"start":{"line":34,"column":27},"end":{"line":38,"column":null}},"10":{"start":{"line":35,"column":4},"end":{"line":35,"column":null}},"11":{"start":{"line":37,"column":4},"end":{"line":37,"column":null}},"12":{"start":{"line":37,"column":21},"end":{"line":37,"column":44}},"13":{"start":{"line":40,"column":23},"end":{"line":49,"column":null}},"14":{"start":{"line":41,"column":4},"end":{"line":41,"column":null}},"15":{"start":{"line":42,"column":4},"end":{"line":48,"column":null}},"16":{"start":{"line":43,"column":6},"end":{"line":43,"column":null}},"17":{"start":{"line":44,"column":6},"end":{"line":44,"column":null}},"18":{"start":{"line":46,"column":6},"end":{"line":46,"column":null}},"19":{"start":{"line":47,"column":6},"end":{"line":47,"column":null}},"20":{"start":{"line":55,"column":24},"end":{"line":76,"column":null}},"21":{"start":{"line":57,"column":4},"end":{"line":57,"column":null}},"22":{"start":{"line":57,"column":51},"end":{"line":57,"column":null}},"23":{"start":{"line":58,"column":4},"end":{"line":58,"column":null}},"24":{"start":{"line":58,"column":47},"end":{"line":58,"column":null}},"25":{"start":{"line":61,"column":4},"end":{"line":61,"column":null}},"26":{"start":{"line":61,"column":70},"end":{"line":61,"column":null}},"27":{"start":{"line":64,"column":4},"end":{"line":64,"column":null}},"28":{"start":{"line":64,"column":70},"end":{"line":64,"column":null}},"29":{"start":{"line":67,"column":4},"end":{"line":73,"column":null}},"30":{"start":{"line":68,"column":20},"end":{"line":68,"column":null}},"31":{"start":{"line":69,"column":6},"end":{"line":71,"column":null}},"32":{"start":{"line":75,"column":4},"end":{"line":75,"column":null}},"33":{"start":{"line":78,"column":2},"end":{"line":87,"column":null}},"34":{"start":{"line":79,"column":4},"end":{"line":85,"column":null}},"35":{"start":{"line":89,"column":2},"end":{"line":237,"column":null}},"36":{"start":{"line":104,"column":27},"end":{"line":104,"column":null}},"37":{"start":{"line":118,"column":24},"end":{"line":118,"column":null}},"38":{"start":{"line":140,"column":31},"end":{"line":140,"column":null}},"39":{"start":{"line":145,"column":29},"end":{"line":145,"column":null}},"40":{"start":{"line":155,"column":31},"end":{"line":155,"column":null}},"41":{"start":{"line":165,"column":31},"end":{"line":165,"column":null}},"42":{"start":{"line":178,"column":31},"end":{"line":178,"column":null}},"43":{"start":{"line":193,"column":14},"end":{"line":200,"column":null}},"44":{"start":{"line":194,"column":16},"end":{"line":194,"column":null}},"45":{"start":{"line":195,"column":16},"end":{"line":195,"column":null}},"46":{"start":{"line":196,"column":16},"end":{"line":196,"column":null}},"47":{"start":{"line":198,"column":16},"end":{"line":198,"column":null}},"48":{"start":{"line":199,"column":16},"end":{"line":199,"column":null}},"49":{"start":{"line":202,"column":28},"end":{"line":202,"column":null}},"50":{"start":{"line":209,"column":12},"end":{"line":215,"column":null}},"51":{"start":{"line":210,"column":14},"end":{"line":210,"column":null}},"52":{"start":{"line":211,"column":14},"end":{"line":211,"column":null}},"53":{"start":{"line":213,"column":14},"end":{"line":213,"column":null}},"54":{"start":{"line":214,"column":14},"end":{"line":214,"column":null}},"55":{"start":{"line":218,"column":12},"end":{"line":224,"column":null}},"56":{"start":{"line":219,"column":14},"end":{"line":219,"column":null}},"57":{"start":{"line":220,"column":14},"end":{"line":220,"column":null}},"58":{"start":{"line":222,"column":14},"end":{"line":222,"column":null}},"59":{"start":{"line":223,"column":14},"end":{"line":223,"column":null}},"60":{"start":{"line":227,"column":12},"end":{"line":233,"column":null}},"61":{"start":{"line":228,"column":14},"end":{"line":228,"column":null}},"62":{"start":{"line":229,"column":14},"end":{"line":229,"column":null}},"63":{"start":{"line":231,"column":14},"end":{"line":231,"column":null}},"64":{"start":{"line":232,"column":14},"end":{"line":232,"column":null}}},"fnMap":{"0":{"name":"(anonymous_0)","decl":{"start":{"line":19,"column":30},"end":{"line":19,"column":36}},"loc":{"start":{"line":19,"column":36},"end":{"line":239,"column":null}},"line":19},"1":{"name":"(anonymous_1)","decl":{"start":{"line":34,"column":27},"end":{"line":34,"column":28}},"loc":{"start":{"line":34,"column":75},"end":{"line":38,"column":null}},"line":34},"2":{"name":"(anonymous_2)","decl":{"start":{"line":37,"column":15},"end":{"line":37,"column":21}},"loc":{"start":{"line":37,"column":21},"end":{"line":37,"column":44}},"line":37},"3":{"name":"(anonymous_3)","decl":{"start":{"line":40,"column":23},"end":{"line":40,"column":35}},"loc":{"start":{"line":40,"column":35},"end":{"line":49,"column":null}},"line":40},"4":{"name":"(anonymous_4)","decl":{"start":{"line":55,"column":37},"end":{"line":55,"column":38}},"loc":{"start":{"line":55,"column":47},"end":{"line":76,"column":3}},"line":55},"5":{"name":"(anonymous_5)","decl":{"start":{"line":104,"column":21},"end":{"line":104,"column":27}},"loc":{"start":{"line":104,"column":27},"end":{"line":104,"column":null}},"line":104},"6":{"name":"(anonymous_6)","decl":{"start":{"line":118,"column":18},"end":{"line":118,"column":24}},"loc":{"start":{"line":118,"column":24},"end":{"line":118,"column":null}},"line":118},"7":{"name":"(anonymous_7)","decl":{"start":{"line":140,"column":24},"end":{"line":140,"column":25}},"loc":{"start":{"line":140,"column":31},"end":{"line":140,"column":null}},"line":140},"8":{"name":"(anonymous_8)","decl":{"start":{"line":145,"column":23},"end":{"line":145,"column":29}},"loc":{"start":{"line":145,"column":29},"end":{"line":145,"column":null}},"line":145},"9":{"name":"(anonymous_9)","decl":{"start":{"line":155,"column":24},"end":{"line":155,"column":25}},"loc":{"start":{"line":155,"column":31},"end":{"line":155,"column":null}},"line":155},"10":{"name":"(anonymous_10)","decl":{"start":{"line":165,"column":24},"end":{"line":165,"column":25}},"loc":{"start":{"line":165,"column":31},"end":{"line":165,"column":null}},"line":165},"11":{"name":"(anonymous_11)","decl":{"start":{"line":178,"column":24},"end":{"line":178,"column":25}},"loc":{"start":{"line":178,"column":31},"end":{"line":178,"column":null}},"line":178},"12":{"name":"(anonymous_12)","decl":{"start":{"line":192,"column":22},"end":{"line":192,"column":29}},"loc":{"start":{"line":192,"column":38},"end":{"line":201,"column":null}},"line":192},"13":{"name":"(anonymous_13)","decl":{"start":{"line":202,"column":22},"end":{"line":202,"column":28}},"loc":{"start":{"line":202,"column":28},"end":{"line":202,"column":null}},"line":202},"14":{"name":"(anonymous_14)","decl":{"start":{"line":208,"column":20},"end":{"line":208,"column":27}},"loc":{"start":{"line":208,"column":45},"end":{"line":216,"column":null}},"line":208},"15":{"name":"(anonymous_15)","decl":{"start":{"line":217,"column":20},"end":{"line":217,"column":27}},"loc":{"start":{"line":217,"column":34},"end":{"line":225,"column":null}},"line":217},"16":{"name":"(anonymous_16)","decl":{"start":{"line":226,"column":18},"end":{"line":226,"column":25}},"loc":{"start":{"line":226,"column":45},"end":{"line":234,"column":null}},"line":226}},"branchMap":{"0":{"loc":{"start":{"line":57,"column":4},"end":{"line":57,"column":null}},"type":"if","locations":[{"start":{"line":57,"column":4},"end":{"line":57,"column":null}},{"start":{},"end":{}}],"line":57},"1":{"loc":{"start":{"line":57,"column":8},"end":{"line":57,"column":51}},"type":"binary-expr","locations":[{"start":{"line":57,"column":8},"end":{"line":57,"column":34}},{"start":{"line":57,"column":34},"end":{"line":57,"column":51}}],"line":57},"2":{"loc":{"start":{"line":58,"column":4},"end":{"line":58,"column":null}},"type":"if","locations":[{"start":{"line":58,"column":4},"end":{"line":58,"column":null}},{"start":{},"end":{}}],"line":58},"3":{"loc":{"start":{"line":58,"column":8},"end":{"line":58,"column":47}},"type":"binary-expr","locations":[{"start":{"line":58,"column":8},"end":{"line":58,"column":31}},{"start":{"line":58,"column":31},"end":{"line":58,"column":47}}],"line":58},"4":{"loc":{"start":{"line":61,"column":4},"end":{"line":61,"column":null}},"type":"if","locations":[{"start":{"line":61,"column":4},"end":{"line":61,"column":null}},{"start":{},"end":{}}],"line":61},"5":{"loc":{"start":{"line":61,"column":8},"end":{"line":61,"column":70}},"type":"binary-expr","locations":[{"start":{"line":61,"column":8},"end":{"line":61,"column":36}},{"start":{"line":61,"column":36},"end":{"line":61,"column":70}}],"line":61},"6":{"loc":{"start":{"line":64,"column":4},"end":{"line":64,"column":null}},"type":"if","locations":[{"start":{"line":64,"column":4},"end":{"line":64,"column":null}},{"start":{},"end":{}}],"line":64},"7":{"loc":{"start":{"line":64,"column":8},"end":{"line":64,"column":70}},"type":"binary-expr","locations":[{"start":{"line":64,"column":8},"end":{"line":64,"column":36}},{"start":{"line":64,"column":36},"end":{"line":64,"column":70}}],"line":64},"8":{"loc":{"start":{"line":67,"column":4},"end":{"line":73,"column":null}},"type":"if","locations":[{"start":{"line":67,"column":4},"end":{"line":73,"column":null}},{"start":{},"end":{}}],"line":67},"9":{"loc":{"start":{"line":70,"column":8},"end":{"line":71,"column":null}},"type":"binary-expr","locations":[{"start":{"line":70,"column":8},"end":{"line":70,"column":null}},{"start":{"line":71,"column":8},"end":{"line":71,"column":null}}],"line":70},"10":{"loc":{"start":{"line":78,"column":2},"end":{"line":87,"column":null}},"type":"if","locations":[{"start":{"line":78,"column":2},"end":{"line":87,"column":null}},{"start":{},"end":{}}],"line":78},"11":{"loc":{"start":{"line":91,"column":7},"end":{"line":98,"column":null}},"type":"binary-expr","locations":[{"start":{"line":91,"column":7},"end":{"line":91,"column":null}},{"start":{"line":92,"column":8},"end":{"line":98,"column":null}}],"line":91},"12":{"loc":{"start":{"line":93,"column":74},"end":{"line":93,"column":137}},"type":"cond-expr","locations":[{"start":{"line":93,"column":108},"end":{"line":93,"column":125}},{"start":{"line":93,"column":125},"end":{"line":93,"column":137}}],"line":93},"13":{"loc":{"start":{"line":125,"column":9},"end":{"line":132,"column":null}},"type":"binary-expr","locations":[{"start":{"line":125,"column":9},"end":{"line":125,"column":null}},{"start":{"line":126,"column":10},"end":{"line":132,"column":null}}],"line":125},"14":{"loc":{"start":{"line":190,"column":9},"end":{"line":203,"column":null}},"type":"binary-expr","locations":[{"start":{"line":190,"column":9},"end":{"line":190,"column":null}},{"start":{"line":191,"column":10},"end":{"line":203,"column":null}}],"line":190},"15":{"loc":{"start":{"line":211,"column":31},"end":{"line":211,"column":92}},"type":"cond-expr","locations":[{"start":{"line":211,"column":43},"end":{"line":211,"column":73}},{"start":{"line":211,"column":73},"end":{"line":211,"column":92}}],"line":211}},"s":{"0":1,"1":32,"2":32,"3":32,"4":32,"5":32,"6":32,"7":32,"8":32,"9":32,"10":5,"11":5,"12":0,"13":32,"14":2,"15":2,"16":2,"17":1,"18":1,"19":1,"20":32,"21":18,"22":1,"23":17,"24":0,"25":17,"26":1,"27":16,"28":1,"29":15,"30":2,"31":2,"32":13,"33":32,"34":1,"35":31,"36":3,"37":1,"38":1,"39":3,"40":1,"41":1,"42":1,"43":2,"44":2,"45":1,"46":1,"47":1,"48":1,"49":1,"50":1,"51":1,"52":1,"53":0,"54":0,"55":0,"56":0,"57":0,"58":0,"59":0,"60":0,"61":0,"62":0,"63":0,"64":0},"f":{"0":32,"1":5,"2":0,"3":2,"4":18,"5":3,"6":1,"7":1,"8":3,"9":1,"10":1,"11":1,"12":2,"13":1,"14":1,"15":0,"16":0},"b":{"0":[1,17],"1":[18,2],"2":[0,17],"3":[17,0],"4":[1,16],"5":[17,2],"6":[1,15],"7":[16,2],"8":[2,13],"9":[2,1],"10":[1,31],"11":[31,5],"12":[3,2],"13":[32,1],"14":[32,4],"15":[0,1]},"meta":{"lastBranch":16,"lastFunction":17,"lastStatement":65,"seen":{"s:19:30:239:Infinity":0,"f:19:30:19:36":0,"s:20:99:20:Infinity":1,"s:21:30:21:Infinity":2,"s:22:26:22:Infinity":3,"s:23:36:23:Infinity":4,"s:24:42:24:Infinity":5,"s:25:42:25:Infinity":6,"s:26:38:26:Infinity":7,"s:27:44:27:Infinity":8,"s:34:27:38:Infinity":9,"f:34:27:34:28":1,"s:35:4:35:Infinity":10,"s:37:4:37:Infinity":11,"f:37:15:37:21":2,"s:37:21:37:44":12,"s:40:23:49:Infinity":13,"f:40:23:40:35":3,"s:41:4:41:Infinity":14,"s:42:4:48:Infinity":15,"s:43:6:43:Infinity":16,"s:44:6:44:Infinity":17,"s:46:6:46:Infinity":18,"s:47:6:47:Infinity":19,"s:55:24:76:Infinity":20,"f:55:37:55:38":4,"b:57:4:57:Infinity:undefined:undefined:undefined:undefined":0,"s:57:4:57:Infinity":21,"b:57:8:57:34:57:34:57:51":1,"s:57:51:57:Infinity":22,"b:58:4:58:Infinity:undefined:undefined:undefined:undefined":2,"s:58:4:58:Infinity":23,"b:58:8:58:31:58:31:58:47":3,"s:58:47:58:Infinity":24,"b:61:4:61:Infinity:undefined:undefined:undefined:undefined":4,"s:61:4:61:Infinity":25,"b:61:8:61:36:61:36:61:70":5,"s:61:70:61:Infinity":26,"b:64:4:64:Infinity:undefined:undefined:undefined:undefined":6,"s:64:4:64:Infinity":27,"b:64:8:64:36:64:36:64:70":7,"s:64:70:64:Infinity":28,"b:67:4:73:Infinity:undefined:undefined:undefined:undefined":8,"s:67:4:73:Infinity":29,"s:68:20:68:Infinity":30,"s:69:6:71:Infinity":31,"b:70:8:70:Infinity:71:8:71:Infinity":9,"s:75:4:75:Infinity":32,"b:78:2:87:Infinity:undefined:undefined:undefined:undefined":10,"s:78:2:87:Infinity":33,"s:79:4:85:Infinity":34,"s:89:2:237:Infinity":35,"b:91:7:91:Infinity:92:8:98:Infinity":11,"b:93:108:93:125:93:125:93:137":12,"f:104:21:104:27":5,"s:104:27:104:Infinity":36,"f:118:18:118:24":6,"s:118:24:118:Infinity":37,"b:125:9:125:Infinity:126:10:132:Infinity":13,"f:140:24:140:25":7,"s:140:31:140:Infinity":38,"f:145:23:145:29":8,"s:145:29:145:Infinity":39,"f:155:24:155:25":9,"s:155:31:155:Infinity":40,"f:165:24:165:25":10,"s:165:31:165:Infinity":41,"f:178:24:178:25":11,"s:178:31:178:Infinity":42,"b:190:9:190:Infinity:191:10:203:Infinity":14,"f:192:22:192:29":12,"s:193:14:200:Infinity":43,"s:194:16:194:Infinity":44,"s:195:16:195:Infinity":45,"s:196:16:196:Infinity":46,"s:198:16:198:Infinity":47,"s:199:16:199:Infinity":48,"f:202:22:202:28":13,"s:202:28:202:Infinity":49,"f:208:20:208:27":14,"s:209:12:215:Infinity":50,"s:210:14:210:Infinity":51,"s:211:14:211:Infinity":52,"b:211:43:211:73:211:73:211:92":15,"s:213:14:213:Infinity":53,"s:214:14:214:Infinity":54,"f:217:20:217:27":15,"s:218:12:224:Infinity":55,"s:219:14:219:Infinity":56,"s:220:14:220:Infinity":57,"s:222:14:222:Infinity":58,"s:223:14:223:Infinity":59,"f:226:18:226:25":16,"s:227:12:233:Infinity":60,"s:228:14:228:Infinity":61,"s:229:14:229:Infinity":62,"s:231:14:231:Infinity":63,"s:232:14:232:Infinity":64}}}
,"/Users/trentonfunt/Documents/rise-eval-2/task-manager/src/hooks/useAuth.ts": {"path":"/Users/trentonfunt/Documents/rise-eval-2/task-manager/src/hooks/useAuth.ts","statementMap":{"0":{"start":{"line":17,"column":23},"end":{"line":34,"column":null}},"1":{"start":{"line":18,"column":22},"end":{"line":18,"column":null}},"2":{"start":{"line":19,"column":28},"end":{"line":19,"column":null}},"3":{"start":{"line":21,"column":2},"end":{"line":31,"column":null}},"4":{"start":{"line":24,"column":10},"end":{"line":27,"column":null}},"5":{"start":{"line":25,"column":6},"end":{"line":25,"column":null}},"6":{"start":{"line":26,"column":6},"end":{"line":26,"column":null}},"7":{"start":{"line":30,"column":4},"end":{"line":30,"column":null}},"8":{"start":{"line":33,"column":2},"end":{"line":33,"column":null}}},"fnMap":{"0":{"name":"(anonymous_0)","decl":{"start":{"line":17,"column":23},"end":{"line":17,"column":29}},"loc":{"start":{"line":17,"column":29},"end":{"line":34,"column":null}},"line":17},"1":{"name":"(anonymous_1)","decl":{"start":{"line":21,"column":12},"end":{"line":21,"column":18}},"loc":{"start":{"line":21,"column":18},"end":{"line":31,"column":5}},"line":21},"2":{"name":"(anonymous_2)","decl":{"start":{"line":24,"column":49},"end":{"line":24,"column":50}},"loc":{"start":{"line":24,"column":59},"end":{"line":27,"column":5}},"line":24}},"branchMap":{},"s":{"0":1,"1":4,"2":4,"3":4,"4":2,"5":2,"6":2,"7":2,"8":4},"f":{"0":4,"1":2,"2":2},"b":{},"meta":{"lastBranch":0,"lastFunction":3,"lastStatement":9,"seen":{"s:17:23:34:Infinity":0,"f:17:23:17:29":0,"s:18:22:18:Infinity":1,"s:19:28:19:Infinity":2,"s:21:2:31:Infinity":3,"f:21:12:21:18":1,"s:24:10:27:Infinity":4,"f:24:49:24:50":2,"s:25:6:25:Infinity":5,"s:26:6:26:Infinity":6,"s:30:4:30:Infinity":7,"s:33:2:33:Infinity":8}}}
,"/Users/trentonfunt/Documents/rise-eval-2/task-manager/src/hooks/useTasks.ts": {"path":"/Users/trentonfunt/Documents/rise-eval-2/task-manager/src/hooks/useTasks.ts","statementMap":{"0":{"start":{"line":24,"column":24},"end":{"line":126,"column":null}},"1":{"start":{"line":25,"column":15},"end":{"line":25,"column":null}},"2":{"start":{"line":26,"column":24},"end":{"line":26,"column":null}},"3":{"start":{"line":27,"column":28},"end":{"line":27,"column":null}},"4":{"start":{"line":28,"column":24},"end":{"line":28,"column":null}},"5":{"start":{"line":30,"column":2},"end":{"line":61,"column":null}},"6":{"start":{"line":32,"column":4},"end":{"line":36,"column":null}},"7":{"start":{"line":33,"column":6},"end":{"line":33,"column":null}},"8":{"start":{"line":34,"column":6},"end":{"line":34,"column":null}},"9":{"start":{"line":35,"column":6},"end":{"line":35,"column":null}},"10":{"start":{"line":38,"column":4},"end":{"line":38,"column":null}},"11":{"start":{"line":41,"column":10},"end":{"line":41,"column":null}},"12":{"start":{"line":44,"column":10},"end":{"line":57,"column":null}},"13":{"start":{"line":48,"column":26},"end":{"line":48,"column":null}},"14":{"start":{"line":48,"column":54},"end":{"line":48,"column":92}},"15":{"start":{"line":49,"column":8},"end":{"line":49,"column":null}},"16":{"start":{"line":50,"column":8},"end":{"line":50,"column":null}},"17":{"start":{"line":53,"column":8},"end":{"line":53,"column":null}},"18":{"start":{"line":54,"column":8},"end":{"line":54,"column":null}},"19":{"start":{"line":55,"column":8},"end":{"line":55,"column":null}},"20":{"start":{"line":60,"column":4},"end":{"line":60,"column":null}},"21":{"start":{"line":68,"column":18},"end":{"line":76,"column":null}},"22":{"start":{"line":69,"column":4},"end":{"line":69,"column":null}},"23":{"start":{"line":69,"column":15},"end":{"line":69,"column":null}},"24":{"start":{"line":70,"column":4},"end":{"line":75,"column":null}},"25":{"start":{"line":71,"column":6},"end":{"line":71,"column":null}},"26":{"start":{"line":73,"column":6},"end":{"line":73,"column":null}},"27":{"start":{"line":74,"column":6},"end":{"line":74,"column":null}},"28":{"start":{"line":84,"column":21},"end":{"line":92,"column":null}},"29":{"start":{"line":85,"column":4},"end":{"line":91,"column":null}},"30":{"start":{"line":86,"column":12},"end":{"line":86,"column":null}},"31":{"start":{"line":87,"column":6},"end":{"line":87,"column":null}},"32":{"start":{"line":89,"column":6},"end":{"line":89,"column":null}},"33":{"start":{"line":90,"column":6},"end":{"line":90,"column":null}},"34":{"start":{"line":99,"column":21},"end":{"line":107,"column":null}},"35":{"start":{"line":100,"column":4},"end":{"line":106,"column":null}},"36":{"start":{"line":101,"column":12},"end":{"line":101,"column":null}},"37":{"start":{"line":102,"column":6},"end":{"line":102,"column":null}},"38":{"start":{"line":104,"column":6},"end":{"line":104,"column":null}},"39":{"start":{"line":105,"column":6},"end":{"line":105,"column":null}},"40":{"start":{"line":115,"column":31},"end":{"line":123,"column":null}},"41":{"start":{"line":116,"column":4},"end":{"line":122,"column":null}},"42":{"start":{"line":117,"column":12},"end":{"line":117,"column":null}},"43":{"start":{"line":118,"column":6},"end":{"line":118,"column":null}},"44":{"start":{"line":120,"column":6},"end":{"line":120,"column":null}},"45":{"start":{"line":121,"column":6},"end":{"line":121,"column":null}},"46":{"start":{"line":125,"column":2},"end":{"line":125,"column":null}}},"fnMap":{"0":{"name":"(anonymous_0)","decl":{"start":{"line":24,"column":24},"end":{"line":24,"column":30}},"loc":{"start":{"line":24,"column":30},"end":{"line":126,"column":null}},"line":24},"1":{"name":"(anonymous_1)","decl":{"start":{"line":30,"column":12},"end":{"line":30,"column":18}},"loc":{"start":{"line":30,"column":18},"end":{"line":61,"column":5}},"line":30},"2":{"name":"(anonymous_2)","decl":{"start":{"line":46,"column":6},"end":{"line":46,"column":7}},"loc":{"start":{"line":46,"column":20},"end":{"line":51,"column":null}},"line":46},"3":{"name":"(anonymous_3)","decl":{"start":{"line":48,"column":44},"end":{"line":48,"column":45}},"loc":{"start":{"line":48,"column":54},"end":{"line":48,"column":92}},"line":48},"4":{"name":"(anonymous_4)","decl":{"start":{"line":52,"column":6},"end":{"line":52,"column":7}},"loc":{"start":{"line":52,"column":15},"end":{"line":56,"column":null}},"line":52},"5":{"name":"(anonymous_5)","decl":{"start":{"line":68,"column":18},"end":{"line":68,"column":25}},"loc":{"start":{"line":68,"column":77},"end":{"line":76,"column":null}},"line":68},"6":{"name":"(anonymous_6)","decl":{"start":{"line":84,"column":21},"end":{"line":84,"column":28}},"loc":{"start":{"line":84,"column":71},"end":{"line":92,"column":null}},"line":84},"7":{"name":"(anonymous_7)","decl":{"start":{"line":99,"column":21},"end":{"line":99,"column":28}},"loc":{"start":{"line":99,"column":43},"end":{"line":107,"column":null}},"line":99},"8":{"name":"(anonymous_8)","decl":{"start":{"line":115,"column":31},"end":{"line":115,"column":38}},"loc":{"start":{"line":115,"column":73},"end":{"line":123,"column":null}},"line":115}},"branchMap":{"0":{"loc":{"start":{"line":32,"column":4},"end":{"line":36,"column":null}},"type":"if","locations":[{"start":{"line":32,"column":4},"end":{"line":36,"column":null}},{"start":{},"end":{}}],"line":32},"1":{"loc":{"start":{"line":69,"column":4},"end":{"line":69,"column":null}},"type":"if","locations":[{"start":{"line":69,"column":4},"end":{"line":69,"column":null}},{"start":{},"end":{}}],"line":69}},"s":{"0":1,"1":14,"2":14,"3":14,"4":14,"5":14,"6":7,"7":2,"8":2,"9":2,"10":5,"11":5,"12":5,"13":1,"14":1,"15":1,"16":1,"17":4,"18":4,"19":4,"20":5,"21":14,"22":2,"23":1,"24":1,"25":1,"26":0,"27":0,"28":14,"29":1,"30":1,"31":1,"32":0,"33":0,"34":14,"35":1,"36":1,"37":1,"38":0,"39":0,"40":14,"41":1,"42":1,"43":1,"44":0,"45":0,"46":14},"f":{"0":14,"1":7,"2":1,"3":1,"4":4,"5":2,"6":1,"7":1,"8":1},"b":{"0":[2,5],"1":[1,1]},"meta":{"lastBranch":2,"lastFunction":9,"lastStatement":47,"seen":{"s:24:24:126:Infinity":0,"f:24:24:24:30":0,"s:25:15:25:Infinity":1,"s:26:24:26:Infinity":2,"s:27:28:27:Infinity":3,"s:28:24:28:Infinity":4,"s:30:2:61:Infinity":5,"f:30:12:30:18":1,"b:32:4:36:Infinity:undefined:undefined:undefined:undefined":0,"s:32:4:36:Infinity":6,"s:33:6:33:Infinity":7,"s:34:6:34:Infinity":8,"s:35:6:35:Infinity":9,"s:38:4:38:Infinity":10,"s:41:10:41:Infinity":11,"s:44:10:57:Infinity":12,"f:46:6:46:7":2,"s:48:26:48:Infinity":13,"f:48:44:48:45":3,"s:48:54:48:92":14,"s:49:8:49:Infinity":15,"s:50:8:50:Infinity":16,"f:52:6:52:7":4,"s:53:8:53:Infinity":17,"s:54:8:54:Infinity":18,"s:55:8:55:Infinity":19,"s:60:4:60:Infinity":20,"s:68:18:76:Infinity":21,"f:68:18:68:25":5,"b:69:4:69:Infinity:undefined:undefined:undefined:undefined":1,"s:69:4:69:Infinity":22,"s:69:15:69:Infinity":23,"s:70:4:75:Infinity":24,"s:71:6:71:Infinity":25,"s:73:6:73:Infinity":26,"s:74:6:74:Infinity":27,"s:84:21:92:Infinity":28,"f:84:21:84:28":6,"s:85:4:91:Infinity":29,"s:86:12:86:Infinity":30,"s:87:6:87:Infinity":31,"s:89:6:89:Infinity":32,"s:90:6:90:Infinity":33,"s:99:21:107:Infinity":34,"f:99:21:99:28":7,"s:100:4:106:Infinity":35,"s:101:12:101:Infinity":36,"s:102:6:102:Infinity":37,"s:104:6:104:Infinity":38,"s:105:6:105:Infinity":39,"s:115:31:123:Infinity":40,"f:115:31:115:38":8,"s:116:4:122:Infinity":41,"s:117:12:117:Infinity":42,"s:118:6:118:Infinity":43,"s:120:6:120:Infinity":44,"s:121:6:121:Infinity":45,"s:125:2:125:Infinity":46}}}
}
